<?xml version="1.0" encoding="UTF-8"?>
<!-- Generated by org.testng.reporters.JUnitReportReporter -->
<testsuite hostname="Mandapati" failures="0" tests="6" name="testNG.Using_dependsOnmethod_flag" time="0.020" errors="0" timestamp="2025-02-20T09:26:55 IST" skipped="0">
  <testcase classname="testNG.Using_dependsOnmethod_flag" name="create" time="0.004">
    <system-out>
      <![CDATA[post created!]]>
    </system-out>
  </testcase> <!-- create -->
  <testcase classname="testNG.Using_dependsOnmethod_flag" name="login" time="0.001">
    <system-out>
      <![CDATA[Login successfully!]]>
    </system-out>
  </testcase> <!-- login -->
  <testcase classname="testNG.Using_dependsOnmethod_flag" name="register" time="0.003">
    <system-out>
      <![CDATA[Registration successful!]]>
    </system-out>
  </testcase> <!-- register -->
  <testcase classname="testNG.Using_dependsOnmethod_flag" name="message" time="0.003">
    <system-out>
      <![CDATA[Thanks, namaste!]]>
    </system-out>
  </testcase> <!-- message -->
  <testcase classname="testNG.Using_dependsOnmethod_flag" name="create" time="0.002">
    <system-out>
      <![CDATA[post created!]]>
    </system-out>
  </testcase> <!-- create -->
  <testcase classname="testNG.Using_dependsOnmethod_flag" name="create" time="0.007">
    <system-out>
      <![CDATA[post created!]]>
    </system-out>
  </testcase> <!-- create -->
  <system-out>
    <![CDATA[Enni raa...
Already start chesaav ga...
Already start chesaav ga...
Already start chesaav ga...
Enni raa...
Already start chesaav ga...
Shuru
Shuruuuu
Thanks, namaste!
Registration successful!
Login successfully!
post created!
post created!
post created!
Yellow yellow banana... very very sweet banana
O-range love idhe o baby...
Meoww
Meoww
Meoww
Meoww
Meoww
Meoww
Meoww
Meoww
Ambaaaaww
Ambaaaaww
Ambaaaaww
Bow bow
Bow bow]]>
  </system-out>
</testsuite> <!-- testNG.Using_dependsOnmethod_flag -->
