<?xml version="1.0" encoding="UTF-8"?>
<!-- Generated by org.testng.reporters.JUnitReportReporter -->
<testsuite hostname="Mandapati" failures="0" tests="3" name="testNG.UsingEnabledFlag" time="0.008" errors="0" timestamp="2025-02-20T09:26:55 IST" skipped="1">
  <testcase classname="testNG.UsingEnabledFlag" name="banana" time="0.005">
    <system-out>
      <![CDATA[Yellow yellow banana... very very sweet banana]]>
    </system-out>
  </testcase> <!-- banana -->
  <testcase classname="testNG.UsingEnabledFlag" name="orange" time="0.003">
    <system-out>
      <![CDATA[O-range love idhe o baby...]]>
    </system-out>
  </testcase> <!-- orange -->
  <testcase classname="testNG.UsingEnabledFlag" name="apple">
    <skipped/>
  </testcase> <!-- apple -->
  <system-out>
    <![CDATA[Enni raa...
Already start chesaav ga...
Already start chesaav ga...
Already start chesaav ga...
Enni raa...
Already start chesaav ga...
Shuru
Shuruuuu
Thanks, namaste!
Registration successful!
Login successfully!
post created!
post created!
post created!
Yellow yellow banana... very very sweet banana
O-range love idhe o baby...
Meoww
Meoww
Meoww
Meoww
Meoww
Meoww
Meoww
Meoww
Ambaaaaww
Ambaaaaww
Ambaaaaww
Bow bow
Bow bow]]>
  </system-out>
</testsuite> <!-- testNG.UsingEnabledFlag -->
