<?xml version="1.0" encoding="UTF-8"?>
<!-- Generated by org.testng.reporters.JUnitReportReporter -->
<testsuite hostname="Mandapati" failures="0" tests="13" name="testNG.UsingThreadPoolSizeFlag" time="0.055" errors="0" timestamp="2025-02-20T09:26:55 IST" skipped="0">
  <testcase classname="testNG.UsingThreadPoolSizeFlag" name="cow" time="0.005">
    <system-out>
      <![CDATA[Ambaaaaww]]>
    </system-out>
  </testcase> <!-- cow -->
  <testcase classname="testNG.UsingThreadPoolSizeFlag" name="dog" time="0.002">
    <system-out>
      <![CDATA[Bow bow]]>
    </system-out>
  </testcase> <!-- dog -->
  <testcase classname="testNG.UsingThreadPoolSizeFlag" name="cow" time="0.007">
    <system-out>
      <![CDATA[Ambaaaaww]]>
    </system-out>
  </testcase> <!-- cow -->
  <testcase classname="testNG.UsingThreadPoolSizeFlag" name="cat" time="0.004">
    <system-out>
      <![CDATA[Meoww]]>
    </system-out>
  </testcase> <!-- cat -->
  <testcase classname="testNG.UsingThreadPoolSizeFlag" name="cat" time="0.003">
    <system-out>
      <![CDATA[Meoww]]>
    </system-out>
  </testcase> <!-- cat -->
  <testcase classname="testNG.UsingThreadPoolSizeFlag" name="cat" time="0.007">
    <system-out>
      <![CDATA[Meoww]]>
    </system-out>
  </testcase> <!-- cat -->
  <testcase classname="testNG.UsingThreadPoolSizeFlag" name="cat" time="0.002">
    <system-out>
      <![CDATA[Meoww]]>
    </system-out>
  </testcase> <!-- cat -->
  <testcase classname="testNG.UsingThreadPoolSizeFlag" name="cat" time="0.006">
    <system-out>
      <![CDATA[Meoww]]>
    </system-out>
  </testcase> <!-- cat -->
  <testcase classname="testNG.UsingThreadPoolSizeFlag" name="cat" time="0.005">
    <system-out>
      <![CDATA[Meoww]]>
    </system-out>
  </testcase> <!-- cat -->
  <testcase classname="testNG.UsingThreadPoolSizeFlag" name="cat" time="0.001">
    <system-out>
      <![CDATA[Meoww]]>
    </system-out>
  </testcase> <!-- cat -->
  <testcase classname="testNG.UsingThreadPoolSizeFlag" name="cat" time="0.002">
    <system-out>
      <![CDATA[Meoww]]>
    </system-out>
  </testcase> <!-- cat -->
  <testcase classname="testNG.UsingThreadPoolSizeFlag" name="dog" time="0.010">
    <system-out>
      <![CDATA[Bow bow]]>
    </system-out>
  </testcase> <!-- dog -->
  <testcase classname="testNG.UsingThreadPoolSizeFlag" name="cow" time="0.001">
    <system-out>
      <![CDATA[Ambaaaaww]]>
    </system-out>
  </testcase> <!-- cow -->
  <system-out>
    <![CDATA[Enni raa...
Already start chesaav ga...
Already start chesaav ga...
Already start chesaav ga...
Enni raa...
Already start chesaav ga...
Shuru
Shuruuuu
Thanks, namaste!
Registration successful!
Login successfully!
post created!
post created!
post created!
Yellow yellow banana... very very sweet banana
O-range love idhe o baby...
Meoww
Meoww
Meoww
Meoww
Meoww
Meoww
Meoww
Meoww
Ambaaaaww
Ambaaaaww
Ambaaaaww
Bow bow
Bow bow]]>
  </system-out>
</testsuite> <!-- testNG.UsingThreadPoolSizeFlag -->
