<?xml version="1.0" encoding="UTF-8"?>
<!-- Generated by org.testng.reporters.JUnitReportReporter -->
<testsuite hostname="Mandapati" failures="0" tests="3" name="testNG.UsingPriorityFlag" time="0.018" errors="0" timestamp="2025-02-20T09:26:55 IST" skipped="0">
  <testcase classname="testNG.UsingPriorityFlag" name="orange" time="0.007">
    <system-out>
      <![CDATA[Enni raa...]]>
    </system-out>
  </testcase> <!-- orange -->
  <testcase classname="testNG.UsingPriorityFlag" name="apple" time="0.005">
    <system-out>
      <![CDATA[Already start chesaav ga...]]>
    </system-out>
  </testcase> <!-- apple -->
  <testcase classname="testNG.UsingPriorityFlag" name="banana" time="0.006">
    <system-out>
      <![CDATA[Shuru
Shuruuuu]]>
    </system-out>
  </testcase> <!-- banana -->
  <system-out>
    <![CDATA[Enni raa...
Already start chesaav ga...
Already start chesaav ga...
Already start chesaav ga...
Enni raa...
Already start chesaav ga...
Shuru
Shuruuuu
Thanks, namaste!
Registration successful!
Login successfully!
post created!
post created!
post created!
Yellow yellow banana... very very sweet banana
O-range love idhe o baby...
Meoww
Meoww
Meoww
Meoww
Meoww
Meoww
Meoww
Meoww
Ambaaaaww
Ambaaaaww
Ambaaaaww
Bow bow
Bow bow]]>
  </system-out>
</testsuite> <!-- testNG.UsingPriorityFlag -->
