<?xml version="1.0" encoding="UTF-8"?>
<!-- Generated by org.testng.reporters.JUnitReportReporter -->
<testsuite hostname="Mandapati" failures="0" tests="5" name="testNG.GroupExecution" time="0.025" errors="0" timestamp="2025-02-20T10:04:31 IST" skipped="0">
  <testcase classname="testNG.GroupExecution" name="brinjal" time="0.015">
    <system-out>
      <![CDATA[Vankay]]>
    </system-out>
  </testcase> <!-- brinjal -->
  <testcase classname="testNG.GroupExecution" name="potato" time="0.003">
    <system-out>
      <![CDATA[Bangaaladumpa]]>
    </system-out>
  </testcase> <!-- potato -->
  <testcase classname="testNG.GroupExecution" name="ladyfinger" time="0.002">
    <system-out>
      <![CDATA[bendakaay]]>
    </system-out>
  </testcase> <!-- ladyfinger -->
  <testcase classname="testNG.GroupExecution" name="lilly" time="0.003">
    <system-out>
      <![CDATA[Mallepuvvu]]>
    </system-out>
  </testcase> <!-- lilly -->
  <testcase classname="testNG.GroupExecution" name="rose" time="0.002">
    <system-out>
      <![CDATA[gulabi]]>
    </system-out>
  </testcase> <!-- rose -->
  <system-out>
    <![CDATA[Vankay
bendakaay
Mallepuvvu
Bangaaladumpa
gulabi]]>
  </system-out>
</testsuite> <!-- testNG.GroupExecution -->
